# JRE version: Java(TM) SE Runtime Environment (8.0_102-b14) (build 1.8.0_102-b14)
# Java VM: Java HotSpot(TM) 64-Bit Server VM (25.102-b14 mixed mode windows-amd64 compressed oops)
Heap:
 PSYoungGen      total 250368K, used 209834K [0x000000076b700000, 0x000000077c000000, 0x00000007c0000000)
  eden space 239616K, 87% used [0x000000076b700000,0x00000007783eaa68,0x000000077a100000)
  from space 10752K, 0% used [0x000000077b280000,0x000000077b280000,0x000000077bd00000)
  to   space 3072K, 0% used [0x000000077bd00000,0x000000077bd00000,0x000000077c000000)
 ParOldGen       total 187904K, used 16928K [0x00000006c2400000, 0x00000006cdb80000, 0x000000076b700000)
  object space 187904K, 9% used [0x00000006c2400000,0x00000006c3488270,0x00000006cdb80000)
 Metaspace       used 55697K, capacity 58608K, committed 58752K, reserved 1099776K
  class space    used 7711K, capacity 8229K, committed 8320K, reserved 1048576K
GC Heap History (10 events):
Event: 1.491 GC heap before
{Heap before GC invocations=3 (full 0):
 PSYoungGen      total 140800K, used 62630K [0x000000076b700000, 0x0000000774b00000, 0x00000007c0000000)
  eden space 130048K, 42% used [0x000000076b700000,0x000000076ec86070,0x0000000773600000)
  from space 10752K, 72% used [0x0000000774080000,0x0000000774823b20,0x0000000774b00000)
  to   space 10752K, 0% used [0x0000000773600000,0x0000000773600000,0x0000000774080000)
 ParOldGen       total 173568K, used 16K [0x00000006c2400000, 0x00000006ccd80000, 0x000000076b700000)
  object space 173568K, 0% used [0x00000006c2400000,0x00000006c2404000,0x00000006ccd80000)
 Metaspace       used 20536K, capacity 21222K, committed 21296K, reserved 1067008K
  class space    used 2693K, capacity 2881K, committed 2944K, reserved 1048576K
Event: 1.501 GC heap after
Heap after GC invocations=3 (full 0):
 PSYoungGen      total 140800K, used 10497K [0x000000076b700000, 0x000000077ca00000, 0x00000007c0000000)
  eden space 130048K, 0% used [0x000000076b700000,0x000000076b700000,0x0000000773600000)
  from space 10752K, 97% used [0x0000000773600000,0x0000000774040788,0x0000000774080000)
  to   space 10752K, 0% used [0x000000077bf80000,0x000000077bf80000,0x000000077ca00000)
 ParOldGen       total 173568K, used 24K [0x00000006c2400000, 0x00000006ccd80000, 0x000000076b700000)
  object space 173568K, 0% used [0x00000006c2400000,0x00000006c2406000,0x00000006ccd80000)
 Metaspace       used 20536K, capacity 21222K, committed 21296K, reserved 1067008K
  class space    used 2693K, capacity 2881K, committed 2944K, reserved 1048576K
}
Event: 1.501 GC heap before
{Heap before GC invocations=4 (full 1):
 PSYoungGen      total 140800K, used 10497K [0x000000076b700000, 0x000000077ca00000, 0x00000007c0000000)
  eden space 130048K, 0% used [0x000000076b700000,0x000000076b700000,0x0000000773600000)
  from space 10752K, 97% used [0x0000000773600000,0x0000000774040788,0x0000000774080000)
  to   space 10752K, 0% used [0x000000077bf80000,0x000000077bf80000,0x000000077ca00000)
 ParOldGen       total 173568K, used 24K [0x00000006c2400000, 0x00000006ccd80000, 0x000000076b700000)
  object space 173568K, 0% used [0x00000006c2400000,0x00000006c2406000,0x00000006ccd80000)
 Metaspace       used 20536K, capacity 21222K, committed 21296K, reserved 1067008K
  class space    used 2693K, capacity 2881K, committed 2944K, reserved 1048576K
Event: 1.535 GC heap after
Heap after GC invocations=4 (full 1):
 PSYoungGen      total 140800K, used 0K [0x000000076b700000, 0x000000077ca00000, 0x00000007c0000000)
  eden space 130048K, 0% used [0x000000076b700000,0x000000076b700000,0x0000000773600000)
  from space 10752K, 0% used [0x0000000773600000,0x0000000773600000,0x0000000774080000)
  to   space 10752K, 0% used [0x000000077bf80000,0x000000077bf80000,0x000000077ca00000)
 ParOldGen       total 113664K, used 10038K [0x00000006c2400000, 0x00000006c9300000, 0x000000076b700000)
  object space 113664K, 8% used [0x00000006c2400000,0x00000006c2dcd8d0,0x00000006c9300000)
 Metaspace       used 20534K, capacity 21216K, committed 21296K, reserved 1067008K
  class space    used 2692K, capacity 2880K, committed 2944K, reserved 1048576K
}
Event: 2.689 GC heap before
{Heap before GC invocations=5 (full 1):
 PSYoungGen      total 140800K, used 130048K [0x000000076b700000, 0x000000077ca00000, 0x00000007c0000000)
  eden space 130048K, 100% used [0x000000076b700000,0x0000000773600000,0x0000000773600000)
  from space 10752K, 0% used [0x0000000773600000,0x0000000773600000,0x0000000774080000)
  to   space 10752K, 0% used [0x000000077bf80000,0x000000077bf80000,0x000000077ca00000)
 ParOldGen       total 113664K, used 10038K [0x00000006c2400000, 0x00000006c9300000, 0x000000076b700000)
  object space 113664K, 8% used [0x00000006c2400000,0x00000006c2dcd8d0,0x00000006c9300000)
 Metaspace       used 25226K, capacity 26356K, committed 26624K, reserved 1073152K
  class space    used 3321K, capacity 3560K, committed 3584K, reserved 1048576K
Event: 2.696 GC heap after
Heap after GC invocations=5 (full 1):
 PSYoungGen      total 186880K, used 8176K [0x000000076b700000, 0x000000077c780000, 0x00000007c0000000)
  eden space 178688K, 0% used [0x000000076b700000,0x000000076b700000,0x0000000776580000)
  from space 8192K, 99% used [0x000000077bf80000,0x000000077c77c060,0x000000077c780000)
  to   space 10752K, 0% used [0x000000077b280000,0x000000077b280000,0x000000077bd00000)
 ParOldGen       total 113664K, used 10046K [0x00000006c2400000, 0x00000006c9300000, 0x000000076b700000)
  object space 113664K, 8% used [0x00000006c2400000,0x00000006c2dcf8d0,0x00000006c9300000)
 Metaspace       used 25226K, capacity 26356K, committed 26624K, reserved 1073152K
  class space    used 3321K, capacity 3560K, committed 3584K, reserved 1048576K
}
Event: 4.178 GC heap before
{Heap before GC invocations=6 (full 1):
 PSYoungGen      total 186880K, used 152396K [0x000000076b700000, 0x000000077c780000, 0x00000007c0000000)
  eden space 178688K, 80% used [0x000000076b700000,0x00000007743d7288,0x0000000776580000)
  from space 8192K, 99% used [0x000000077bf80000,0x000000077c77c060,0x000000077c780000)
  to   space 10752K, 0% used [0x000000077b280000,0x000000077b280000,0x000000077bd00000)
 ParOldGen       total 113664K, used 10046K [0x00000006c2400000, 0x00000006c9300000, 0x000000076b700000)
  object space 113664K, 8% used [0x00000006c2400000,0x00000006c2dcf8d0,0x00000006c9300000)
 Metaspace       used 33605K, capacity 35346K, committed 35456K, reserved 1079296K
  class space    used 4370K, capacity 4676K, committed 4736K, reserved 1048576K
Event: 4.189 GC heap after
Heap after GC invocations=6 (full 1):
 PSYoungGen      total 250368K, used 10720K [0x000000076b700000, 0x000000077c000000, 0x00000007c0000000)
  eden space 239616K, 0% used [0x000000076b700000,0x000000076b700000,0x000000077a100000)
  from space 10752K, 99% used [0x000000077b280000,0x000000077bcf8158,0x000000077bd00000)
  to   space 3072K, 0% used [0x000000077bd00000,0x000000077bd00000,0x000000077c000000)
 ParOldGen       total 113664K, used 12015K [0x00000006c2400000, 0x00000006c9300000, 0x000000076b700000)
  object space 113664K, 10% used [0x00000006c2400000,0x00000006c2fbbcb8,0x00000006c9300000)
 Metaspace       used 33605K, capacity 35346K, committed 35456K, reserved 1079296K
  class space    used 4370K, capacity 4676K, committed 4736K, reserved 1048576K
}
Event: 4.189 GC heap before
{Heap before GC invocations=7 (full 2):
 PSYoungGen      total 250368K, used 10720K [0x000000076b700000, 0x000000077c000000, 0x00000007c0000000)
  eden space 239616K, 0% used [0x000000076b700000,0x000000076b700000,0x000000077a100000)
  from space 10752K, 99% used [0x000000077b280000,0x000000077bcf8158,0x000000077bd00000)
  to   space 3072K, 0% used [0x000000077bd00000,0x000000077bd00000,0x000000077c000000)
 ParOldGen       total 113664K, used 12015K [0x00000006c2400000, 0x00000006c9300000, 0x000000076b700000)
  object space 113664K, 10% used [0x00000006c2400000,0x00000006c2fbbcb8,0x00000006c9300000)
 Metaspace       used 33605K, capacity 35346K, committed 35456K, reserved 1079296K
  class space    used 4370K, capacity 4676K, committed 4736K, reserved 1048576K
Event: 4.238 GC heap after
Heap after GC invocations=7 (full 2):
 PSYoungGen      total 250368K, used 0K [0x000000076b700000, 0x000000077c000000, 0x00000007c0000000)
  eden space 239616K, 0% used [0x000000076b700000,0x000000076b700000,0x000000077a100000)
  from space 10752K, 0% used [0x000000077b280000,0x000000077b280000,0x000000077bd00000)
  to   space 3072K, 0% used [0x000000077bd00000,0x000000077bd00000,0x000000077c000000)
 ParOldGen       total 187904K, used 16928K [0x00000006c2400000, 0x00000006cdb80000, 0x000000076b700000)
  object space 187904K, 9% used [0x00000006c2400000,0x00000006c3488270,0x00000006cdb80000)
 Metaspace       used 33605K, capacity 35346K, committed 35456K, reserved 1079296K
  class space    used 4370K, capacity 4676K, committed 4736K, reserved 1048576K
}

