# JRE version: Java(TM) SE Runtime Environment (8.0_102-b14) (build 1.8.0_102-b14)
# Java VM: Java HotSpot(TM) 64-Bit Server VM (25.102-b14 mixed mode windows-amd64 compressed oops)
Heap:
 PSYoungGen      total 167936K, used 35306K [0x000000076b700000, 0x0000000777500000, 0x00000007c0000000)
  eden space 155136K, 22% used [0x000000076b700000,0x000000076d97a9a0,0x0000000774e80000)
  from space 12800K, 0% used [0x0000000776880000,0x0000000776880000,0x0000000777500000)
  to   space 19456K, 0% used [0x0000000774f00000,0x0000000774f00000,0x0000000776200000)
 ParOldGen       total 259584K, used 22133K [0x00000006c2400000, 0x00000006d2180000, 0x000000076b700000)
  object space 259584K, 8% used [0x00000006c2400000,0x00000006c399d500,0x00000006d2180000)
 Metaspace       used 58581K, capacity 61608K, committed 61952K, reserved 1101824K
  class space    used 8097K, capacity 8611K, committed 8704K, reserved 1048576K
GC Heap History (10 events):
Event: 3.995 GC heap before
{Heap before GC invocations=7 (full 1):
 PSYoungGen      total 132608K, used 124171K [0x000000076b700000, 0x0000000774a00000, 0x00000007c0000000)
  eden space 121856K, 93% used [0x000000076b700000,0x00000007726cd990,0x0000000772e00000)
  from space 10752K, 90% used [0x0000000772e00000,0x0000000773775300,0x0000000773880000)
  to   space 13824K, 0% used [0x0000000773c80000,0x0000000773c80000,0x0000000774a00000)
 ParOldGen       total 113152K, used 9999K [0x00000006c2400000, 0x00000006c9280000, 0x000000076b700000)
  object space 113152K, 8% used [0x00000006c2400000,0x00000006c2dc3fc8,0x00000006c9280000)
 Metaspace       used 33604K, capacity 35350K, committed 35456K, reserved 1079296K
  class space    used 4374K, capacity 4676K, committed 4736K, reserved 1048576K
Event: 4.004 GC heap after
Heap after GC invocations=7 (full 1):
 PSYoungGen      total 135680K, used 11007K [0x000000076b700000, 0x0000000777380000, 0x00000007c0000000)
  eden space 121856K, 0% used [0x000000076b700000,0x000000076b700000,0x0000000772e00000)
  from space 13824K, 79% used [0x0000000773c80000,0x000000077473ff70,0x0000000774a00000)
  to   space 14848K, 0% used [0x0000000772e00000,0x0000000772e00000,0x0000000773c80000)
 ParOldGen       total 113152K, used 10007K [0x00000006c2400000, 0x00000006c9280000, 0x000000076b700000)
  object space 113152K, 8% used [0x00000006c2400000,0x00000006c2dc5fc8,0x00000006c9280000)
 Metaspace       used 33604K, capacity 35350K, committed 35456K, reserved 1079296K
  class space    used 4374K, capacity 4676K, committed 4736K, reserved 1048576K
}
Event: 4.004 GC heap before
{Heap before GC invocations=8 (full 2):
 PSYoungGen      total 135680K, used 11007K [0x000000076b700000, 0x0000000777380000, 0x00000007c0000000)
  eden space 121856K, 0% used [0x000000076b700000,0x000000076b700000,0x0000000772e00000)
  from space 13824K, 79% used [0x0000000773c80000,0x000000077473ff70,0x0000000774a00000)
  to   space 14848K, 0% used [0x0000000772e00000,0x0000000772e00000,0x0000000773c80000)
 ParOldGen       total 113152K, used 10007K [0x00000006c2400000, 0x00000006c9280000, 0x000000076b700000)
  object space 113152K, 8% used [0x00000006c2400000,0x00000006c2dc5fc8,0x00000006c9280000)
 Metaspace       used 33604K, capacity 35350K, committed 35456K, reserved 1079296K
  class space    used 4374K, capacity 4676K, committed 4736K, reserved 1048576K
Event: 4.052 GC heap after
Heap after GC invocations=8 (full 2):
 PSYoungGen      total 135680K, used 0K [0x000000076b700000, 0x0000000777380000, 0x00000007c0000000)
  eden space 121856K, 0% used [0x000000076b700000,0x000000076b700000,0x0000000772e00000)
  from space 13824K, 0% used [0x0000000773c80000,0x0000000773c80000,0x0000000774a00000)
  to   space 14848K, 0% used [0x0000000772e00000,0x0000000772e00000,0x0000000773c80000)
 ParOldGen       total 184320K, used 15360K [0x00000006c2400000, 0x00000006cd800000, 0x000000076b700000)
  object space 184320K, 8% used [0x00000006c2400000,0x00000006c33003d0,0x00000006cd800000)
 Metaspace       used 33604K, capacity 35350K, committed 35456K, reserved 1079296K
  class space    used 4374K, capacity 4676K, committed 4736K, reserved 1048576K
}
Event: 6.246 GC heap before
{Heap before GC invocations=9 (full 2):
 PSYoungGen      total 135680K, used 121856K [0x000000076b700000, 0x0000000777380000, 0x00000007c0000000)
  eden space 121856K, 100% used [0x000000076b700000,0x0000000772e00000,0x0000000772e00000)
  from space 13824K, 0% used [0x0000000773c80000,0x0000000773c80000,0x0000000774a00000)
  to   space 14848K, 0% used [0x0000000772e00000,0x0000000772e00000,0x0000000773c80000)
 ParOldGen       total 184320K, used 15360K [0x00000006c2400000, 0x00000006cd800000, 0x000000076b700000)
  object space 184320K, 8% used [0x00000006c2400000,0x00000006c33003d0,0x00000006cd800000)
 Metaspace       used 50374K, capacity 52442K, committed 52736K, reserved 1095680K
  class space    used 6949K, capacity 7338K, committed 7424K, reserved 1048576K
Event: 6.257 GC heap after
Heap after GC invocations=9 (full 2):
 PSYoungGen      total 136704K, used 14841K [0x000000076b700000, 0x0000000777b80000, 0x00000007c0000000)
  eden space 121856K, 0% used [0x000000076b700000,0x000000076b700000,0x0000000772e00000)
  from space 14848K, 99% used [0x0000000772e00000,0x0000000773c7e4f8,0x0000000773c80000)
  to   space 19456K, 0% used [0x0000000776880000,0x0000000776880000,0x0000000777b80000)
 ParOldGen       total 184320K, used 18832K [0x00000006c2400000, 0x00000006cd800000, 0x000000076b700000)
  object space 184320K, 10% used [0x00000006c2400000,0x00000006c36640b8,0x00000006cd800000)
 Metaspace       used 50374K, capacity 52442K, committed 52736K, reserved 1095680K
  class space    used 6949K, capacity 7338K, committed 7424K, reserved 1048576K
}
Event: 47.796 GC heap before
{Heap before GC invocations=10 (full 2):
 PSYoungGen      total 136704K, used 92958K [0x000000076b700000, 0x0000000777b80000, 0x00000007c0000000)
  eden space 121856K, 64% used [0x000000076b700000,0x00000007703494a0,0x0000000772e00000)
  from space 14848K, 99% used [0x0000000772e00000,0x0000000773c7e4f8,0x0000000773c80000)
  to   space 19456K, 0% used [0x0000000776880000,0x0000000776880000,0x0000000777b80000)
 ParOldGen       total 184320K, used 18832K [0x00000006c2400000, 0x00000006cd800000, 0x000000076b700000)
  object space 184320K, 10% used [0x00000006c2400000,0x00000006c36640b8,0x00000006cd800000)
 Metaspace       used 56136K, capacity 59034K, committed 59096K, reserved 1099776K
  class space    used 7782K, capacity 8300K, committed 8320K, reserved 1048576K
Event: 47.808 GC heap after
Heap after GC invocations=10 (full 2):
 PSYoungGen      total 167936K, used 12623K [0x000000076b700000, 0x0000000777500000, 0x00000007c0000000)
  eden space 155136K, 0% used [0x000000076b700000,0x000000076b700000,0x0000000774e80000)
  from space 12800K, 98% used [0x0000000776880000,0x00000007774d3e10,0x0000000777500000)
  to   space 19456K, 0% used [0x0000000774f00000,0x0000000774f00000,0x0000000776200000)
 ParOldGen       total 184320K, used 18840K [0x00000006c2400000, 0x00000006cd800000, 0x000000076b700000)
  object space 184320K, 10% used [0x00000006c2400000,0x00000006c36660b8,0x00000006cd800000)
 Metaspace       used 56136K, capacity 59034K, committed 59096K, reserved 1099776K
  class space    used 7782K, capacity 8300K, committed 8320K, reserved 1048576K
}
Event: 47.808 GC heap before
{Heap before GC invocations=11 (full 3):
 PSYoungGen      total 167936K, used 12623K [0x000000076b700000, 0x0000000777500000, 0x00000007c0000000)
  eden space 155136K, 0% used [0x000000076b700000,0x000000076b700000,0x0000000774e80000)
  from space 12800K, 98% used [0x0000000776880000,0x00000007774d3e10,0x0000000777500000)
  to   space 19456K, 0% used [0x0000000774f00000,0x0000000774f00000,0x0000000776200000)
 ParOldGen       total 184320K, used 18840K [0x00000006c2400000, 0x00000006cd800000, 0x000000076b700000)
  object space 184320K, 10% used [0x00000006c2400000,0x00000006c36660b8,0x00000006cd800000)
 Metaspace       used 56136K, capacity 59034K, committed 59096K, reserved 1099776K
  class space    used 7782K, capacity 8300K, committed 8320K, reserved 1048576K
Event: 47.959 GC heap after
Heap after GC invocations=11 (full 3):
 PSYoungGen      total 167936K, used 0K [0x000000076b700000, 0x0000000777500000, 0x00000007c0000000)
  eden space 155136K, 0% used [0x000000076b700000,0x000000076b700000,0x0000000774e80000)
  from space 12800K, 0% used [0x0000000776880000,0x0000000776880000,0x0000000777500000)
  to   space 19456K, 0% used [0x0000000774f00000,0x0000000774f00000,0x0000000776200000)
 ParOldGen       total 259584K, used 22133K [0x00000006c2400000, 0x00000006d2180000, 0x000000076b700000)
  object space 259584K, 8% used [0x00000006c2400000,0x00000006c399d500,0x00000006d2180000)
 Metaspace       used 56136K, capacity 59034K, committed 59096K, reserved 1099776K
  class space    used 7782K, capacity 8300K, committed 8320K, reserved 1048576K
}

